<?xml version="1.0" encoding="UTF-8"?>
<testsuite name="ItemTest" tests="2" skipped="0" failures="0" errors="0" timestamp="2018-04-02T21:52:23" hostname="Curtis-Desktop" time="0.003">
  <properties/>
  <testcase name="testGetItemTotal" classname="ItemTest" time="0.003"/>
  <testcase name="testGetTax" classname="ItemTest" time="0.0"/>
  <system-out><![CDATA[]]></system-out>
  <system-err><![CDATA[]]></system-err>
</testsuite>
